<?xml version="1.0" encoding="UTF-8"?>
<testsuite xmlns:xsi="http://www.w3.org/2001/XMLSchema-instance" xsi:schemaLocation="https://maven.apache.org/surefire/maven-surefire-plugin/xsd/surefire-test-report.xsd" name="TestSuite" time="11.557" tests="2" errors="0" skipped="0" failures="1">
  <properties>
[...]
</properties>
  <testcase name="runScenario" classname="RunnerPackage.TestRunner" time="8.078">
    <failure message="expected [true] but found [[[ChromeDriver: chrome on windows (80d6f86d19f62a97373e35e4c8b2a403)] -&gt; css selector: .alert-danger]]" type="java.lang.AssertionError">java.lang.AssertionError: expected [true] but found [[[ChromeDriver: chrome on windows (80d6f86d19f62a97373e35e4c8b2a403)] -> css selector: .alert-danger]]
</failure>
    <system-out><![CDATA[...
... TestNG 7.10.2 by Cédric Beust (cedric@beust.com)
...


Scenario: Successful login with valid credentials    # src/test/resources/features/loginopencart.feature:11

Scenario Outline: Unsuccessful login with invalid or empty credentials                                  # src/test/resources/features/loginopencart.feature:24
  Given I am on the Opencart login                   # stepdefinitions.loginopencartstep.i_am_on_the_opencart_login()
  Given I am on the Opencart login                                                                      # stepdefinitions.loginopencartstep.i_am_on_the_opencart_login()
  Given I have entered a valid username and password # stepdefinitions.loginopencartstep.i_have_entered_a_valid_username_and_password()
  Given I have entered invalid "invalid@email.com" and "invalidpassword"                                # stepdefinitions.loginopencartstep.i_have_entered_invalid_and(java.lang.String,java.lang.String)
  When I click on the login button                   # stepdefinitions.loginopencartstep.i_click_on_the_login_button()
  When I click on the login button                                                                      # stepdefinitions.loginopencartstep.i_click_on_the_login_button()
  Then I should see an error message indicating "Warning: No match for E-mail Address and/or Password." # stepdefinitions.loginopencartstep.i_should_see_an_error_message_indicating(java.lang.String)
      java.lang.AssertionError: expected [true] but found [[[ChromeDriver: chrome on windows (80d6f86d19f62a97373e35e4c8b2a403)] -> css selector: .alert-danger]]
	at org.testng.Assert.fail(Assert.java:111)
	at org.testng.Assert.failNotEquals(Assert.java:1578)
	at org.testng.Assert.assertEqualsImpl(Assert.java:150)
	at org.testng.Assert.assertEquals(Assert.java:132)
	at org.testng.Assert.assertEquals(Assert.java:644)
	at stepdefinitions.loginopencartstep.i_should_see_an_error_message_indicating(loginopencartstep.java:70)
	at ✽.I should see an error message indicating "Warning: No match for E-mail Address and/or Password."(file:///C:/Users/divya/eclipse-workspace-bkup/e-commerceplatform/src/test/resources/features/loginopencart.feature:20)

]]></system-out>
    <system-err><![CDATA[SLF4J: Failed to load class "org.slf4j.impl.StaticLoggerBinder".
SLF4J: Defaulting to no-operation (NOP) logger implementation
SLF4J: See http://www.slf4j.org/codes.html#StaticLoggerBinder for further details.
Jun 24, 2024 11:53:43 PM org.openqa.selenium.devtools.CdpVersionFinder findNearestMatch
WARNING: Unable to find an exact match for CDP version 126, returning the closest version; found: 124; Please update to a Selenium version that supports CDP version 126
Jun 24, 2024 11:53:43 PM org.openqa.selenium.devtools.CdpVersionFinder findNearestMatch
WARNING: Unable to find an exact match for CDP version 126, returning the closest version; found: 124; Please update to a Selenium version that supports CDP version 126
]]></system-err>
  </testcase>
  <testcase name="runScenario" classname="RunnerPackage.TestRunner" time="8.516"/>
</testsuite>